<?xml version="1.0" encoding="UTF-8"?>
<!-- Generated by org.testng.reporters.JUnitXMLReporter -->
<testsuite ignored="2" hostname="LAPTOP-Q4UED7EK" failures="0" tests="1" name="Default test" time="8.136" errors="0" timestamp="2022-08-23T18:34:28 IST">
  <testcase classname="com.hometests.HomeTests" name="open_percentage_calculator" time="2.708"/>
  <testcase classname="com.hometests.HomeTests" name="click_toggle_button" time="0.0">
    <ignored/>
  </testcase> <!-- click_toggle_button -->
  <testcase classname="com.hometests.HomeTests" name="open_jee_main" time="0.0">
    <ignored/>
  </testcase> <!-- open_jee_main -->
</testsuite> <!-- Default test -->
