<?xml version="1.0" encoding="UTF-8"?>
<!-- Generated by org.testng.reporters.JUnitXMLReporter -->
<testsuite ignored="3" hostname="LAPTOP-Q4UED7EK" failures="0" tests="1" name="Default test" time="6.951" errors="0" timestamp="2022-08-24T14:13:09 IST">
  <testcase classname="com.hometests.HomeTests" name="click_on_search" time="0.348"/>
  <testcase classname="com.hometests.HomeTests" name="open_jee_main" time="0.0">
    <ignored/>
  </testcase> <!-- open_jee_main -->
  <testcase classname="com.hometests.HomeTests" name="click_toggle_button" time="0.0">
    <ignored/>
  </testcase> <!-- click_toggle_button -->
  <testcase classname="com.hometests.HomeTests" name="open_percentage_calculator" time="0.0">
    <ignored/>
  </testcase> <!-- open_percentage_calculator -->
</testsuite> <!-- Default test -->
