<?xml version="1.0" encoding="UTF-8"?>
<testng-results ignored="2" total="3" passed="1" failed="0" skipped="0">
  <reporter-output>
  </reporter-output>
  <suite started-at="2022-08-23T18:34:19 IST" name="Default suite" finished-at="2022-08-23T18:34:28 IST" duration-ms="8136">
    <groups>
    </groups>
    <test started-at="2022-08-23T18:34:19 IST" name="Default test" finished-at="2022-08-23T18:34:28 IST" duration-ms="8136">
      <class name="com.hometests.HomeTests">
        <test-method is-config="true" signature="setUp()[pri:0, instance:com.hometests.HomeTests@29f7cefd]" started-at="2022-08-23T18:34:19 IST" name="setUp" finished-at="2022-08-23T18:34:25 IST" duration-ms="5365" status="PASS">
          <reporter-output>
          </reporter-output>
        </test-method> <!-- setUp -->
        <test-method signature="open_percentage_calculator()[pri:0, instance:com.hometests.HomeTests@29f7cefd]" started-at="2022-08-23T18:34:25 IST" name="open_percentage_calculator" finished-at="2022-08-23T18:34:28 IST" duration-ms="2708" status="PASS">
          <reporter-output>
          </reporter-output>
        </test-method> <!-- open_percentage_calculator -->
        <test-method is-config="true" signature="closeUP()[pri:0, instance:com.hometests.HomeTests@29f7cefd]" started-at="2022-08-23T18:34:28 IST" name="closeUP" finished-at="2022-08-23T18:34:28 IST" duration-ms="0" status="PASS">
          <reporter-output>
          </reporter-output>
        </test-method> <!-- closeUP -->
      </class> <!-- com.hometests.HomeTests -->
    </test> <!-- Default test -->
  </suite> <!-- Default suite -->
</testng-results>
