<?xml version="1.0" encoding="UTF-8"?>
<testng-results ignored="0" total="1" passed="1" failed="0" skipped="0">
  <reporter-output>
  </reporter-output>
  <suite started-at="2022-08-25T15:26:37 IST" name="Default suite" finished-at="2022-08-25T15:26:49 IST" duration-ms="12635">
    <groups>
    </groups>
    <test started-at="2022-08-25T15:26:37 IST" name="Default test" finished-at="2022-08-25T15:26:49 IST" duration-ms="12635">
      <class name="com.tests.SignupTests">
        <test-method is-config="true" signature="setUp()[pri:0, instance:com.tests.SignupTests@29f7cefd]" started-at="2022-08-25T15:26:37 IST" name="setUp" finished-at="2022-08-25T15:26:43 IST" duration-ms="6609" status="PASS">
          <reporter-output>
          </reporter-output>
        </test-method> <!-- setUp -->
        <test-method signature="enter_mobile_number()[pri:0, instance:com.tests.SignupTests@29f7cefd]" started-at="2022-08-25T15:26:43 IST" name="enter_mobile_number" finished-at="2022-08-25T15:26:49 IST" duration-ms="5959" status="PASS">
          <reporter-output>
          </reporter-output>
        </test-method> <!-- enter_mobile_number -->
        <test-method is-config="true" signature="closeUP()[pri:0, instance:com.tests.SignupTests@29f7cefd]" started-at="2022-08-25T15:26:49 IST" name="closeUP" finished-at="2022-08-25T15:26:49 IST" duration-ms="0" status="PASS">
          <reporter-output>
          </reporter-output>
        </test-method> <!-- closeUP -->
      </class> <!-- com.tests.SignupTests -->
    </test> <!-- Default test -->
  </suite> <!-- Default suite -->
</testng-results>
